<?xml version="1.0" encoding="UTF-8"?>
<!-- Generated by org.testng.reporters.JUnitXMLReporter -->
<testsuite hostname="HIBAIL55565" ignored="0" name="MakeMyTrip TestCases" tests="5" failures="0" timestamp="04 Oct 2019 10:48:50 GMT" time="148.145" errors="0">
  <testcase name="SearchForFlights" time="7.177" classname="com.mmt.qa.testcases.HomePageTest"/>
  <testcase name="validateTheDepartureAndReturnFlightCountWithoutSelectingStopsTest" time="1.668" classname="com.mmt.qa.testcases.FlightDetailsListPageTest"/>
  <testcase name="validateTheDepartureAndReturnFlightCountBySelectingNonStopChkBoxTest" time="3.299" classname="com.mmt.qa.testcases.FlightDetailsListPageTest"/>
  <testcase name="validateTheDepartureAndReturnFlightCountBySelectingOneStopChkBoxTest" time="3.76" classname="com.mmt.qa.testcases.FlightDetailsListPageTest"/>
  <testcase name="validateToSelectDepartureAndReturnFlightAlongWithPriceAndGrandTotalTest" time="11.799" classname="com.mmt.qa.testcases.FlightDetailsListPageTest"/>
</testsuite> <!-- MakeMyTrip TestCases -->
