<?xml version="1.0" encoding="UTF-8"?>
<testng-results skipped="0" failed="0" ignored="0" total="5" passed="5">
  <reporter-output>
  </reporter-output>
  <suite name="MakeMyTrip Test Automation Suite" duration-ms="148145" started-at="2019-10-04T10:46:22Z" finished-at="2019-10-04T10:48:50Z">
    <groups>
    </groups>
    <test name="MakeMyTrip TestCases" duration-ms="148145" started-at="2019-10-04T10:46:22Z" finished-at="2019-10-04T10:48:50Z">
      <class name="com.mmt.qa.testcases.FlightDetailsListPageTest">
        <test-method status="PASS" signature="preCondition()[pri:0, instance:com.mmt.qa.testcases.FlightDetailsListPageTest@464bee09]" name="preCondition" is-config="true" duration-ms="20993" started-at="2019-10-04T16:16:48Z" finished-at="2019-10-04T16:17:09Z">
          <reporter-output>
          </reporter-output>
        </test-method> <!-- preCondition -->
        <test-method status="PASS" signature="validateTheDepartureAndReturnFlightCountWithoutSelectingStopsTest()[pri:1, instance:com.mmt.qa.testcases.FlightDetailsListPageTest@464bee09]" name="validateTheDepartureAndReturnFlightCountWithoutSelectingStopsTest" duration-ms="1668" started-at="2019-10-04T16:17:09Z" finished-at="2019-10-04T16:17:11Z">
          <reporter-output>
          </reporter-output>
        </test-method> <!-- validateTheDepartureAndReturnFlightCountWithoutSelectingStopsTest -->
        <test-method status="PASS" signature="tearDown()[pri:0, instance:com.mmt.qa.testcases.FlightDetailsListPageTest@464bee09]" name="tearDown" is-config="true" duration-ms="1679" started-at="2019-10-04T16:17:11Z" finished-at="2019-10-04T16:17:13Z">
          <reporter-output>
          </reporter-output>
        </test-method> <!-- tearDown -->
        <test-method status="PASS" signature="preCondition()[pri:0, instance:com.mmt.qa.testcases.FlightDetailsListPageTest@464bee09]" name="preCondition" is-config="true" duration-ms="23306" started-at="2019-10-04T16:17:13Z" finished-at="2019-10-04T16:17:36Z">
          <reporter-output>
          </reporter-output>
        </test-method> <!-- preCondition -->
        <test-method status="PASS" signature="validateTheDepartureAndReturnFlightCountBySelectingNonStopChkBoxTest()[pri:2, instance:com.mmt.qa.testcases.FlightDetailsListPageTest@464bee09]" name="validateTheDepartureAndReturnFlightCountBySelectingNonStopChkBoxTest" duration-ms="3299" started-at="2019-10-04T16:17:36Z" finished-at="2019-10-04T16:17:39Z">
          <reporter-output>
          </reporter-output>
        </test-method> <!-- validateTheDepartureAndReturnFlightCountBySelectingNonStopChkBoxTest -->
        <test-method status="PASS" signature="tearDown()[pri:0, instance:com.mmt.qa.testcases.FlightDetailsListPageTest@464bee09]" name="tearDown" is-config="true" duration-ms="2158" started-at="2019-10-04T16:17:39Z" finished-at="2019-10-04T16:17:41Z">
          <reporter-output>
          </reporter-output>
        </test-method> <!-- tearDown -->
        <test-method status="PASS" signature="preCondition()[pri:0, instance:com.mmt.qa.testcases.FlightDetailsListPageTest@464bee09]" name="preCondition" is-config="true" duration-ms="21531" started-at="2019-10-04T16:17:41Z" finished-at="2019-10-04T16:18:03Z">
          <reporter-output>
          </reporter-output>
        </test-method> <!-- preCondition -->
        <test-method status="PASS" signature="validateTheDepartureAndReturnFlightCountBySelectingOneStopChkBoxTest()[pri:3, instance:com.mmt.qa.testcases.FlightDetailsListPageTest@464bee09]" name="validateTheDepartureAndReturnFlightCountBySelectingOneStopChkBoxTest" duration-ms="3760" started-at="2019-10-04T16:18:03Z" finished-at="2019-10-04T16:18:07Z">
          <reporter-output>
          </reporter-output>
        </test-method> <!-- validateTheDepartureAndReturnFlightCountBySelectingOneStopChkBoxTest -->
        <test-method status="PASS" signature="tearDown()[pri:0, instance:com.mmt.qa.testcases.FlightDetailsListPageTest@464bee09]" name="tearDown" is-config="true" duration-ms="2724" started-at="2019-10-04T16:18:07Z" finished-at="2019-10-04T16:18:09Z">
          <reporter-output>
          </reporter-output>
        </test-method> <!-- tearDown -->
        <test-method status="PASS" signature="preCondition()[pri:0, instance:com.mmt.qa.testcases.FlightDetailsListPageTest@464bee09]" name="preCondition" is-config="true" duration-ms="27094" started-at="2019-10-04T16:18:09Z" finished-at="2019-10-04T16:18:36Z">
          <reporter-output>
          </reporter-output>
        </test-method> <!-- preCondition -->
        <test-method status="PASS" signature="validateToSelectDepartureAndReturnFlightAlongWithPriceAndGrandTotalTest(java.lang.String, java.lang.String)[pri:4, instance:com.mmt.qa.testcases.FlightDetailsListPageTest@464bee09]" name="validateToSelectDepartureAndReturnFlightAlongWithPriceAndGrandTotalTest" duration-ms="11799" started-at="2019-10-04T16:18:36Z" finished-at="2019-10-04T16:18:48Z">
          <params>
            <param index="0">
              <value>
                <![CDATA[1]]>
              </value>
            </param>
            <param index="1">
              <value>
                <![CDATA[2]]>
              </value>
            </param>
          </params>
          <reporter-output>
          </reporter-output>
        </test-method> <!-- validateToSelectDepartureAndReturnFlightAlongWithPriceAndGrandTotalTest -->
        <test-method status="PASS" signature="tearDown()[pri:0, instance:com.mmt.qa.testcases.FlightDetailsListPageTest@464bee09]" name="tearDown" is-config="true" duration-ms="2066" started-at="2019-10-04T16:18:48Z" finished-at="2019-10-04T16:18:50Z">
          <reporter-output>
          </reporter-output>
        </test-method> <!-- tearDown -->
      </class> <!-- com.mmt.qa.testcases.FlightDetailsListPageTest -->
      <class name="com.mmt.qa.testcases.HomePageTest">
        <test-method status="PASS" signature="preCondition()[pri:0, instance:com.mmt.qa.testcases.HomePageTest@6eebc39e]" name="preCondition" is-config="true" duration-ms="14308" started-at="2019-10-04T16:16:22Z" finished-at="2019-10-04T16:16:36Z">
          <reporter-output>
          </reporter-output>
        </test-method> <!-- preCondition -->
        <test-method status="PASS" signature="SearchForFlights()[pri:1, instance:com.mmt.qa.testcases.HomePageTest@6eebc39e]" name="SearchForFlights" duration-ms="7177" started-at="2019-10-04T16:16:36Z" finished-at="2019-10-04T16:16:44Z">
          <reporter-output>
          </reporter-output>
        </test-method> <!-- SearchForFlights -->
        <test-method status="PASS" signature="tearDown()[pri:0, instance:com.mmt.qa.testcases.HomePageTest@6eebc39e]" name="tearDown" is-config="true" duration-ms="4525" started-at="2019-10-04T16:16:44Z" finished-at="2019-10-04T16:16:48Z">
          <reporter-output>
          </reporter-output>
        </test-method> <!-- tearDown -->
      </class> <!-- com.mmt.qa.testcases.HomePageTest -->
    </test> <!-- MakeMyTrip TestCases -->
  </suite> <!-- MakeMyTrip Test Automation Suite -->
</testng-results>
